<?xml version="1.0" encoding="UTF-8"?>
<!-- Generated by org.testng.reporters.JUnitReportReporter -->
<testsuite skipped="0" hostname="Ronen-pc" name="sanity.MortgageWeb" tests="5" failures="0" timestamp="2021-12-08T13:45:08 IST" time="49.627" errors="0">
  <testcase name="test01_verifyHeader" time="0.207" classname="sanity.MortgageWeb"/>
  <system-out/>
  <testcase name="test02_verifyMortgageCalculate" time="5.110" classname="sanity.MortgageWeb"/>
  <system-out/>
  <testcase name="test04_verifyBalancePrincipleAndInterest" time="15.376" classname="sanity.MortgageWeb"/>
  <system-out/>
  <testcase name="test04_verifyBalancePrincipleAndInterest" time="20.151" classname="sanity.MortgageWeb"/>
  <system-out/>
  <testcase name="test03_verifyCurrentTaxesAndFees" time="8.783" classname="sanity.MortgageWeb"/>
  <system-out/>
</testsuite> <!-- sanity.MortgageWeb -->
